<?xml version="1.0" encoding="UTF-8"?>
<testng-results ignored="0" total="1" passed="1" failed="0" skipped="0">
  <reporter-output>
    <line>
      <![CDATA[execution of test method started]]>
    </line>
    <line>
      <![CDATA[execution of test method completed]]>
    </line>
  </reporter-output>
  <suite started-at="2022-02-27T07:05:22 IST" name="Suite" finished-at="2022-02-27T07:05:50 IST" duration-ms="28068">
    <groups>
    </groups>
    <test started-at="2022-02-27T07:05:22 IST" name="Test" finished-at="2022-02-27T07:05:50 IST" duration-ms="28068">
      <class name="test.TestSubmit">
        <test-method is-config="true" signature="setup()[pri:0, instance:test.TestSubmit@4145bad8]" started-at="2022-02-27T07:05:22 IST" name="setup" finished-at="2022-02-27T07:05:43 IST" duration-ms="21034" status="PASS">
          <reporter-output>
          </reporter-output>
        </test-method> <!-- setup -->
        <test-method signature="submit()[pri:0, instance:test.TestSubmit@4145bad8]" started-at="2022-02-27T07:05:43 IST" name="submit" finished-at="2022-02-27T07:05:50 IST" duration-ms="6965" status="PASS">
          <reporter-output>
            <line>
              <![CDATA[execution of test method started]]>
            </line>
            <line>
              <![CDATA[execution of test method completed]]>
            </line>
          </reporter-output>
        </test-method> <!-- submit -->
        <test-method is-config="true" signature="teardown()[pri:0, instance:test.TestSubmit@4145bad8]" started-at="2022-02-27T07:05:50 IST" name="teardown" finished-at="2022-02-27T07:05:50 IST" duration-ms="0" status="PASS">
          <reporter-output>
          </reporter-output>
        </test-method> <!-- teardown -->
      </class> <!-- test.TestSubmit -->
    </test> <!-- Test -->
  </suite> <!-- Suite -->
</testng-results>
